# JRE version: OpenJDK Runtime Environment (8.0_191-b12) (build 1.8.0_191-8u191-b12-0ubuntu0.18.04.1-b12)
# Java VM: OpenJDK 64-Bit Server VM (25.191-b12 mixed mode linux-amd64 compressed oops)
Heap:
 PSYoungGen      total 138752K, used 104204K [0x00000000f5580000, 0x00000000ffd80000, 0x0000000100000000)
  eden space 107008K, 82% used [0x00000000f5580000,0x00000000fab59e58,0x00000000fbe00000)
  from space 31744K, 51% used [0x00000000fbe00000,0x00000000fcde91e8,0x00000000fdd00000)
  to   space 30208K, 0% used [0x00000000fe000000,0x00000000fe000000,0x00000000ffd80000)
 ParOldGen       total 143360K, used 104059K [0x00000000e0000000, 0x00000000e8c00000, 0x00000000f5580000)
  object space 143360K, 72% used [0x00000000e0000000,0x00000000e659ed18,0x00000000e8c00000)
 Metaspace       used 60998K, capacity 67160K, committed 68096K, reserved 1107968K
  class space    used 7880K, capacity 8761K, committed 8960K, reserved 1048576K
GC Heap History (10 events):
Event: 3344,785 GC heap before
{Heap before GC invocations=159 (full 4):
 PSYoungGen      total 134656K, used 111792K [0x00000000f5580000, 0x00000000ffd80000, 0x0000000100000000)
  eden space 99328K, 100% used [0x00000000f5580000,0x00000000fb680000,0x00000000fb680000)
  from space 35328K, 35% used [0x00000000fdb00000,0x00000000fe72c380,0x00000000ffd80000)
  to   space 36352K, 0% used [0x00000000fb680000,0x00000000fb680000,0x00000000fda00000)
 ParOldGen       total 143360K, used 104059K [0x00000000e0000000, 0x00000000e8c00000, 0x00000000f5580000)
  object space 143360K, 72% used [0x00000000e0000000,0x00000000e659ed18,0x00000000e8c00000)
 Metaspace       used 60910K, capacity 66996K, committed 68096K, reserved 1107968K
  class space    used 7873K, capacity 8752K, committed 8960K, reserved 1048576K
Event: 3344,795 GC heap after
Heap after GC invocations=159 (full 4):
 PSYoungGen      total 135680K, used 14142K [0x00000000f5580000, 0x00000000ffe00000, 0x0000000100000000)
  eden space 99328K, 0% used [0x00000000f5580000,0x00000000f5580000,0x00000000fb680000)
  from space 36352K, 38% used [0x00000000fb680000,0x00000000fc44fb18,0x00000000fda00000)
  to   space 34816K, 0% used [0x00000000fdc00000,0x00000000fdc00000,0x00000000ffe00000)
 ParOldGen       total 143360K, used 104059K [0x00000000e0000000, 0x00000000e8c00000, 0x00000000f5580000)
  object space 143360K, 72% used [0x00000000e0000000,0x00000000e659ed18,0x00000000e8c00000)
 Metaspace       used 60910K, capacity 66996K, committed 68096K, reserved 1107968K
  class space    used 7873K, capacity 8752K, committed 8960K, reserved 1048576K
}
Event: 3352,887 GC heap before
{Heap before GC invocations=160 (full 4):
 PSYoungGen      total 135680K, used 113470K [0x00000000f5580000, 0x00000000ffe00000, 0x0000000100000000)
  eden space 99328K, 100% used [0x00000000f5580000,0x00000000fb680000,0x00000000fb680000)
  from space 36352K, 38% used [0x00000000fb680000,0x00000000fc44fb18,0x00000000fda00000)
  to   space 34816K, 0% used [0x00000000fdc00000,0x00000000fdc00000,0x00000000ffe00000)
 ParOldGen       total 143360K, used 104059K [0x00000000e0000000, 0x00000000e8c00000, 0x00000000f5580000)
  object space 143360K, 72% used [0x00000000e0000000,0x00000000e659ed18,0x00000000e8c00000)
 Metaspace       used 60911K, capacity 66996K, committed 68096K, reserved 1107968K
  class space    used 7873K, capacity 8752K, committed 8960K, reserved 1048576K
Event: 3352,894 GC heap after
Heap after GC invocations=160 (full 4):
 PSYoungGen      total 137728K, used 8124K [0x00000000f5580000, 0x00000000ffd80000, 0x0000000100000000)
  eden space 103424K, 0% used [0x00000000f5580000,0x00000000f5580000,0x00000000fba80000)
  from space 34304K, 23% used [0x00000000fdc00000,0x00000000fe3ef3c0,0x00000000ffd80000)
  to   space 34304K, 0% used [0x00000000fba80000,0x00000000fba80000,0x00000000fdc00000)
 ParOldGen       total 143360K, used 104059K [0x00000000e0000000, 0x00000000e8c00000, 0x00000000f5580000)
  object space 143360K, 72% used [0x00000000e0000000,0x00000000e659ed18,0x00000000e8c00000)
 Metaspace       used 60911K, capacity 66996K, committed 68096K, reserved 1107968K
  class space    used 7873K, capacity 8752K, committed 8960K, reserved 1048576K
}
Event: 3376,777 GC heap before
{Heap before GC invocations=161 (full 4):
 PSYoungGen      total 137728K, used 111548K [0x00000000f5580000, 0x00000000ffd80000, 0x0000000100000000)
  eden space 103424K, 100% used [0x00000000f5580000,0x00000000fba80000,0x00000000fba80000)
  from space 34304K, 23% used [0x00000000fdc00000,0x00000000fe3ef3c0,0x00000000ffd80000)
  to   space 34304K, 0% used [0x00000000fba80000,0x00000000fba80000,0x00000000fdc00000)
 ParOldGen       total 143360K, used 104059K [0x00000000e0000000, 0x00000000e8c00000, 0x00000000f5580000)
  object space 143360K, 72% used [0x00000000e0000000,0x00000000e659ed18,0x00000000e8c00000)
 Metaspace       used 60970K, capacity 67082K, committed 68096K, reserved 1107968K
  class space    used 7878K, capacity 8758K, committed 8960K, reserved 1048576K
Event: 3376,786 GC heap after
Heap after GC invocations=161 (full 4):
 PSYoungGen      total 137728K, used 11188K [0x00000000f5580000, 0x00000000ffe00000, 0x0000000100000000)
  eden space 103424K, 0% used [0x00000000f5580000,0x00000000f5580000,0x00000000fba80000)
  from space 34304K, 32% used [0x00000000fba80000,0x00000000fc56d0a8,0x00000000fdc00000)
  to   space 33280K, 0% used [0x00000000fdd80000,0x00000000fdd80000,0x00000000ffe00000)
 ParOldGen       total 143360K, used 104059K [0x00000000e0000000, 0x00000000e8c00000, 0x00000000f5580000)
  object space 143360K, 72% used [0x00000000e0000000,0x00000000e659ed18,0x00000000e8c00000)
 Metaspace       used 60970K, capacity 67082K, committed 68096K, reserved 1107968K
  class space    used 7878K, capacity 8758K, committed 8960K, reserved 1048576K
}
Event: 3408,432 GC heap before
{Heap before GC invocations=162 (full 4):
 PSYoungGen      total 137728K, used 114612K [0x00000000f5580000, 0x00000000ffe00000, 0x0000000100000000)
  eden space 103424K, 100% used [0x00000000f5580000,0x00000000fba80000,0x00000000fba80000)
  from space 34304K, 32% used [0x00000000fba80000,0x00000000fc56d0a8,0x00000000fdc00000)
  to   space 33280K, 0% used [0x00000000fdd80000,0x00000000fdd80000,0x00000000ffe00000)
 ParOldGen       total 143360K, used 104059K [0x00000000e0000000, 0x00000000e8c00000, 0x00000000f5580000)
  object space 143360K, 72% used [0x00000000e0000000,0x00000000e659ed18,0x00000000e8c00000)
 Metaspace       used 60971K, capacity 67082K, committed 68096K, reserved 1107968K
  class space    used 7878K, capacity 8758K, committed 8960K, reserved 1048576K
Event: 3408,441 GC heap after
Heap after GC invocations=162 (full 4):
 PSYoungGen      total 138240K, used 14523K [0x00000000f5580000, 0x00000000ffc00000, 0x0000000100000000)
  eden space 107008K, 0% used [0x00000000f5580000,0x00000000f5580000,0x00000000fbe00000)
  from space 31232K, 46% used [0x00000000fdd80000,0x00000000febaee68,0x00000000ffc00000)
  to   space 31744K, 0% used [0x00000000fbe00000,0x00000000fbe00000,0x00000000fdd00000)
 ParOldGen       total 143360K, used 104059K [0x00000000e0000000, 0x00000000e8c00000, 0x00000000f5580000)
  object space 143360K, 72% used [0x00000000e0000000,0x00000000e659ed18,0x00000000e8c00000)
 Metaspace       used 60971K, capacity 67082K, committed 68096K, reserved 1107968K
  class space    used 7878K, capacity 8758K, committed 8960K, reserved 1048576K
}
Event: 3409,370 GC heap before
{Heap before GC invocations=163 (full 4):
 PSYoungGen      total 138240K, used 121531K [0x00000000f5580000, 0x00000000ffc00000, 0x0000000100000000)
  eden space 107008K, 100% used [0x00000000f5580000,0x00000000fbe00000,0x00000000fbe00000)
  from space 31232K, 46% used [0x00000000fdd80000,0x00000000febaee68,0x00000000ffc00000)
  to   space 31744K, 0% used [0x00000000fbe00000,0x00000000fbe00000,0x00000000fdd00000)
 ParOldGen       total 143360K, used 104059K [0x00000000e0000000, 0x00000000e8c00000, 0x00000000f5580000)
  object space 143360K, 72% used [0x00000000e0000000,0x00000000e659ed18,0x00000000e8c00000)
 Metaspace       used 60971K, capacity 67082K, committed 68096K, reserved 1107968K
  class space    used 7878K, capacity 8758K, committed 8960K, reserved 1048576K
Event: 3409,380 GC heap after
Heap after GC invocations=163 (full 4):
 PSYoungGen      total 138752K, used 16292K [0x00000000f5580000, 0x00000000ffd80000, 0x0000000100000000)
  eden space 107008K, 0% used [0x00000000f5580000,0x00000000f5580000,0x00000000fbe00000)
  from space 31744K, 51% used [0x00000000fbe00000,0x00000000fcde91e8,0x00000000fdd00000)
  to   space 30208K, 0% used [0x00000000fe000000,0x00000000fe000000,0x00000000ffd80000)
 ParOldGen       total 143360K, used 104059K [0x00000000e0000000, 0x00000000e8c00000, 0x00000000f5580000)
  object space 143360K, 72% used [0x00000000e0000000,0x00000000e659ed18,0x00000000e8c00000)
 Metaspace       used 60971K, capacity 67082K, committed 68096K, reserved 1107968K
  class space    used 7878K, capacity 8758K, committed 8960K, reserved 1048576K
}

